
  [32m[1mVITE[22m v6.4.2[39m  [2mready in [0m[1m309[22m[2m[0m ms[22m

  [32m➜[39m  [1mLocal[22m:   [36mhttp://localhost:[1m5173[22m/[39m
[2m  [32m➜[39m  [1mNetwork[22m[2m: use [22m[1m--host[22m[2m to expose[22m
[2m17:01:47[22m [36m[1m[vite][22m[39m [90m[2m(client)[22m[39m [32mhmr update [39m[2m/src/features/login/LoginPage.tsx[22m
[2m17:01:48[22m [36m[1m[vite][22m[39m [90m[2m(client)[22m[39m [32mhmr update [39m[2m/src/features/login/LoginPage.tsx[22m
[2m17:01:49[22m [36m[1m[vite][22m[39m [90m[2m(client)[22m[39m [32mhmr update [39m[2m/src/features/project/ProjectPage.tsx[22m
[2m17:01:51[22m [36m[1m[vite][22m[39m [90m[2m(client)[22m[39m [32mhmr update [39m[2m/src/features/chat/MessageInput.tsx[22m
[2m17:13:30[22m [36m[1m[vite][22m[39m [90m[2m(client)[22m[39m [32mhmr update [39m[2m/src/features/chat/MessageList.tsx[22m
[2m17:16:47[22m [36m[1m[vite][22m[39m [90m[2m(client)[22m[39m [32mhmr update [39m[2m/src/App.tsx[22m
[2m17:16:59[22m [36m[1m[vite][22m[39m [90m[2m(client)[22m[39m [32mhmr update [39m[2m/src/App.tsx[22m
[2m17:17:02[22m [36m[1m[vite][22m[39m [90m[2m(client)[22m[39m [32mhmr update [39m[2m/src/App.tsx[22m
[2m17:17:16[22m [36m[1m[vite][22m[39m [90m[2m(client)[22m[39m [32mhmr update [39m[2m/src/App.tsx[22m
[2m17:17:18[22m [36m[1m[vite][22m[39m [90m[2m(client)[22m[39m [32mhmr update [39m[2m/src/App.tsx[22m
[2m17:44:04[22m [36m[1m[vite][22m[39m [90m[2m(client)[22m[39m [32mhmr update [39m[2m/src/App.tsx[22m
[2m17:44:22[22m [36m[1m[vite][22m[39m [90m[2m(client)[22m[39m [32mhmr update [39m[2m/src/features/dashboard/DashboardPage.tsx[22m
[2m17:44:44[22m [36m[1m[vite][22m[39m [90m[2m(client)[22m[39m [32mhmr update [39m[2m/src/shared/auth.tsx, /src/features/dashboard/DashboardPage.tsx, /src/features/chat/ChatPanel.tsx, /src/features/review-inbox/ReviewInboxPage.tsx, /src/features/project/ProjectPage.tsx, /src/features/cost-dashboard/CostDashboardPage.tsx, /src/features/code-review/ProModePage.tsx, /src/features/admin/SkillPanel.tsx, /src/features/admin/AdminPage.tsx, /src/features/settings/SettingsPage.tsx, /src/features/chat/ModelSelector.tsx, /src/features/chat/ChatProvider.tsx[22m
[2m17:44:44[22m [36m[1m[vite][22m[39m [90m[2m(client)[22m[39m [33mhmr invalidate [39m[2m/src/shared/auth.tsx[22m Could not Fast Refresh ("useAuth" export is incompatible). Learn more at https://github.com/vitejs/vite-plugin-react/tree/main/packages/plugin-react#consistent-components-exports
[2m17:44:44[22m [36m[1m[vite][22m[39m [90m[2m(client)[22m[39m [32mpage reload [39m[2msrc/shared/auth.tsx[22m
[2m17:44:44[22m [36m[1m[vite][22m[39m [90m[2m(client)[22m[39m [33mhmr invalidate [39m[2m/src/features/chat/ChatProvider.tsx[22m Could not Fast Refresh ("useChat" export is incompatible). Learn more at https://github.com/vitejs/vite-plugin-react/tree/main/packages/plugin-react#consistent-components-exports
[2m17:44:44[22m [36m[1m[vite][22m[39m [90m[2m(client)[22m[39m [32mhmr update [39m[2m/src/features/chat/ChatPanel.tsx, /src/features/chat/MessageInput.tsx, /src/features/chat/MessageList.tsx[22m
[2m17:45:09[22m [36m[1m[vite][22m[39m [90m[2m(client)[22m[39m [32mhmr update [39m[2m/src/features/project/ProjectPage.tsx[22m
[2m17:45:20[22m [36m[1m[vite][22m[39m [90m[2m(client)[22m[39m [32mhmr update [39m[2m/src/features/review-inbox/ReviewInboxPage.tsx[22m
[2m17:45:44[22m [36m[1m[vite][22m[39m [90m[2m(client)[22m[39m [32mhmr update [39m[2m/src/features/settings/SettingsPage.tsx[22m
[2m17:46:02[22m [36m[1m[vite][22m[39m [90m[2m(client)[22m[39m [32mhmr update [39m[2m/src/features/admin/AdminPage.tsx[22m
[2m17:46:48[22m [36m[1m[vite][22m[39m [90m[2m(client)[22m[39m [32mhmr update [39m[2m/src/features/admin/SkillPanel.tsx[22m
[2m17:46:48[22m [36m[1m[vite][22m[39m [90m[2m(client)[22m[39m [32mhmr update [39m[2m/src/features/admin/SkillPanel.tsx[22m
[2m17:46:51[22m [36m[1m[vite][22m[39m [90m[2m(client)[22m[39m [32mhmr update [39m[2m/src/features/admin/SkillPanel.tsx[22m
[2m17:46:51[22m [36m[1m[vite][22m[39m [90m[2m(client)[22m[39m [32mhmr update [39m[2m/src/features/admin/SkillPanel.tsx[22m
[2m17:47:00[22m [36m[1m[vite][22m[39m [90m[2m(client)[22m[39m [32mhmr update [39m[2m/src/features/cost-dashboard/CostDashboardPage.tsx[22m
[2m17:47:08[22m [36m[1m[vite][22m[39m [90m[2m(client)[22m[39m [32mhmr update [39m[2m/src/features/admin/SkillPanel.tsx[22m
[2m17:51:30[22m [36m[1m[vite][22m[39m [90m[2m(client)[22m[39m [32mhmr update [39m[2m/src/features/code-review/ProModePage.tsx[22m
[2m17:51:30[22m [36m[1m[vite][22m[39m [90m[2m(client)[22m[39m [32mhmr update [39m[2m/src/features/onboarding/OnboardingFlow.tsx[22m
[2m17:51:32[22m [36m[1m[vite][22m[39m [90m[2m(client)[22m[39m [32mhmr update [39m[2m/src/features/errors/ErrorPage.tsx[22m
[2m17:51:32[22m [36m[1m[vite][22m[39m [90m[2m(client)[22m[39m [32mhmr update [39m[2m/src/features/errors/ErrorPage.tsx[22m
[2m17:51:33[22m [36m[1m[vite][22m[39m [90m[2m(client)[22m[39m [32mhmr update [39m[2m/src/features/errors/ErrorPage.tsx[22m
[2m17:51:34[22m [36m[1m[vite][22m[39m [90m[2m(client)[22m[39m [32mhmr update [39m[2m/src/features/errors/ErrorPage.tsx[22m
[2m17:51:35[22m [36m[1m[vite][22m[39m [90m[2m(client)[22m[39m [32mhmr update [39m[2m/src/features/errors/ErrorPage.tsx[22m
[2m17:51:36[22m [36m[1m[vite][22m[39m [90m[2m(client)[22m[39m [32mhmr update [39m[2m/src/features/errors/ErrorPage.tsx[22m
[2m17:51:37[22m [36m[1m[vite][22m[39m [90m[2m(client)[22m[39m [32mhmr update [39m[2m/src/features/errors/ErrorPage.tsx[22m
[2m17:51:38[22m [36m[1m[vite][22m[39m [90m[2m(client)[22m[39m [32mhmr update [39m[2m/src/features/errors/ErrorPage.tsx[22m
[2m17:51:40[22m [36m[1m[vite][22m[39m [90m[2m(client)[22m[39m [32mhmr update [39m[2m/src/features/errors/ErrorPage.tsx[22m
[2m17:51:40[22m [36m[1m[vite][22m[39m [90m[2m(client)[22m[39m [32mhmr update [39m[2m/src/features/errors/CircuitBreakerPage.tsx[22m
[2m17:51:41[22m [36m[1m[vite][22m[39m [90m[2m(client)[22m[39m [32mhmr update [39m[2m/src/features/errors/CircuitBreakerPage.tsx[22m
[2m17:51:42[22m [36m[1m[vite][22m[39m [90m[2m(client)[22m[39m [32mhmr update [39m[2m/src/features/errors/CircuitBreakerPage.tsx[22m
[2m17:51:53[22m [36m[1m[vite][22m[39m [90m[2m(client)[22m[39m [32mhmr update [39m[2m/src/features/onboarding/OnboardingFlow.tsx[22m
[2m17:51:56[22m [36m[1m[vite][22m[39m [90m[2m(client)[22m[39m [32mhmr update [39m[2m/src/features/errors/CircuitBreakerPage.tsx[22m
[2m17:51:57[22m [36m[1m[vite][22m[39m [90m[2m(client)[22m[39m [32mhmr update [39m[2m/src/features/errors/CircuitBreakerPage.tsx[22m
[2m17:51:59[22m [36m[1m[vite][22m[39m [90m[2m(client)[22m[39m [32mhmr update [39m[2m/src/features/errors/CircuitBreakerPage.tsx[22m
[2m17:52:00[22m [36m[1m[vite][22m[39m [90m[2m(client)[22m[39m [32mhmr update [39m[2m/src/features/errors/CircuitBreakerPage.tsx[22m
[2m17:52:03[22m [36m[1m[vite][22m[39m [90m[2m(client)[22m[39m [32mhmr update [39m[2m/src/features/errors/CircuitBreakerPage.tsx[22m
[2m17:52:03[22m [36m[1m[vite][22m[39m [90m[2m(client)[22m[39m [32mhmr update [39m[2m/src/features/errors/CircuitBreakerPage.tsx[22m
[2m17:52:15[22m [36m[1m[vite][22m[39m [90m[2m(client)[22m[39m [32mhmr update [39m[2m/src/features/errors/CircuitBreakerPage.tsx[22m
[2m17:52:20[22m [36m[1m[vite][22m[39m [90m[2m(client)[22m[39m [32mhmr update [39m[2m/src/features/errors/CircuitBreakerPage.tsx[22m
[2m17:52:21[22m [36m[1m[vite][22m[39m [90m[2m(client)[22m[39m [32mhmr update [39m[2m/src/features/errors/CircuitBreakerPage.tsx[22m
