[     645ms] [INFO] %cDownload the React DevTools for a better development experience: https://react.dev/link/react-devtools font-weight:bold @ http://localhost:5173/node_modules/.vite/deps/react-dom_client.js?v=3e1001a8:20102
[     712ms] [ERROR] %s a style property during rerender (%s) when a conflicting property is set (%s) can lead to styling bugs. To avoid this, don't mix shorthand and non-shorthand properties for the same value; instead, replace the shorthand with separate values. Updating outline outlineColor @ http://localhost:5173/node_modules/.vite/deps/react-dom_client.js?v=3e1001a8:2261
[     714ms] [ERROR] Failed to load resource: the server responded with a status of 404 (Not Found) @ http://localhost:5173/favicon.ico:0
[     720ms] [ERROR] Failed to load resource: the server responded with a status of 404 (Not Found) @ http://localhost:5173/favicon.ico:0
[     808ms] [VERBOSE] [DOM] Input elements should have autocomplete attributes (suggested: "current-password"): (More info: https://goo.gl/9p2vKq) %o @ http://localhost:5173/login:0
[   12878ms] [ERROR] %s a style property during rerender (%s) when a conflicting property is set (%s) can lead to styling bugs. To avoid this, don't mix shorthand and non-shorthand properties for the same value; instead, replace the shorthand with separate values. Updating outline outlineColor @ http://localhost:5173/node_modules/.vite/deps/react-dom_client.js?v=3e1001a8:2261
[   12878ms] [ERROR] %s a style property during rerender (%s) when a conflicting property is set (%s) can lead to styling bugs. To avoid this, don't mix shorthand and non-shorthand properties for the same value; instead, replace the shorthand with separate values. Updating outline outlineColor @ http://localhost:5173/node_modules/.vite/deps/react-dom_client.js?v=3e1001a8:2261
[   12994ms] [ERROR] %s a style property during rerender (%s) when a conflicting property is set (%s) can lead to styling bugs. To avoid this, don't mix shorthand and non-shorthand properties for the same value; instead, replace the shorthand with separate values. Updating outline outlineColor @ http://localhost:5173/node_modules/.vite/deps/react-dom_client.js?v=3e1001a8:2261
[   30670ms] [ERROR] Failed to load resource: the server responded with a status of 405 (Method Not Allowed) @ http://localhost:5173/api/rum/metrics:0
[   31566ms] [ERROR] %s a style property during rerender (%s) when a conflicting property is set (%s) can lead to styling bugs. To avoid this, don't mix shorthand and non-shorthand properties for the same value; instead, replace the shorthand with separate values. Updating outline outlineColor @ http://localhost:5173/node_modules/.vite/deps/react-dom_client.js?v=3e1001a8:2261
[   31692ms] [ERROR] %s a style property during rerender (%s) when a conflicting property is set (%s) can lead to styling bugs. To avoid this, don't mix shorthand and non-shorthand properties for the same value; instead, replace the shorthand with separate values. Updating outline outlineColor @ http://localhost:5173/node_modules/.vite/deps/react-dom_client.js?v=3e1001a8:2261
[   32011ms] [WARNING] WebSocket connection to 'ws://localhost:5173/ws/chat' failed: WebSocket is closed before the connection is established. @ http://localhost:5173/src/features/chat/useWebSocket.ts:46
[   41729ms] [ERROR] %s a style property during rerender (%s) when a conflicting property is set (%s) can lead to styling bugs. To avoid this, don't mix shorthand and non-shorthand properties for the same value; instead, replace the shorthand with separate values. Updating outline outlineColor @ http://localhost:5173/node_modules/.vite/deps/react-dom_client.js?v=3e1001a8:2261
[   60986ms] [ERROR] Failed to load resource: the server responded with a status of 405 (Method Not Allowed) @ http://localhost:5173/api/rum/metrics:0
[  149542ms] [ERROR] WebSocket connection to 'ws://localhost:5173/ws/chat' failed: Connection closed before receiving a handshake response @ http://localhost:5173/src/features/chat/useWebSocket.ts:12
[  149556ms] [ERROR] WebSocket connection to 'ws://localhost:5173/ws/chat' failed: Connection closed before receiving a handshake response @ http://localhost:5173/src/features/chat/useWebSocket.ts:12
[  157661ms] [INFO] %cDownload the React DevTools for a better development experience: https://react.dev/link/react-devtools font-weight:bold @ http://localhost:5173/node_modules/.vite/deps/react-dom_client.js?v=3e1001a8:20102
[  157695ms] [WARNING] WebSocket connection to 'ws://localhost:5173/ws/chat' failed: WebSocket is closed before the connection is established. @ http://localhost:5173/src/features/chat/useWebSocket.ts:46
[  175428ms] [ERROR] %s a style property during rerender (%s) when a conflicting property is set (%s) can lead to styling bugs. To avoid this, don't mix shorthand and non-shorthand properties for the same value; instead, replace the shorthand with separate values. Updating outline outlineColor @ http://localhost:5173/node_modules/.vite/deps/react-dom_client.js?v=3e1001a8:2261
[  187995ms] [ERROR] Failed to load resource: the server responded with a status of 405 (Method Not Allowed) @ http://localhost:5173/api/rum/metrics:0
[  217689ms] [ERROR] Failed to load resource: the server responded with a status of 405 (Method Not Allowed) @ http://localhost:5173/api/rum/metrics:0
