[     974ms] [INFO] %cDownload the React DevTools for a better development experience: https://react.dev/link/react-devtools font-weight:bold @ http://localhost:5174/node_modules/.vite/deps/react-dom_client.js?v=3e1001a8:20102
[    1041ms] [ERROR] %s a style property during rerender (%s) when a conflicting property is set (%s) can lead to styling bugs. To avoid this, don't mix shorthand and non-shorthand properties for the same value; instead, replace the shorthand with separate values. Updating outline outlineColor @ http://localhost:5174/node_modules/.vite/deps/react-dom_client.js?v=3e1001a8:2261
[    1042ms] [ERROR] Failed to load resource: the server responded with a status of 404 (Not Found) @ http://localhost:5174/favicon.ico:0
[    1048ms] [ERROR] Failed to load resource: the server responded with a status of 404 (Not Found) @ http://localhost:5174/favicon.ico:0
[    1136ms] [VERBOSE] [DOM] Input elements should have autocomplete attributes (suggested: "current-password"): (More info: https://goo.gl/9p2vKq) %o @ http://localhost:5174/login:0
[   28713ms] [ERROR] %s a style property during rerender (%s) when a conflicting property is set (%s) can lead to styling bugs. To avoid this, don't mix shorthand and non-shorthand properties for the same value; instead, replace the shorthand with separate values. Updating outline outlineColor @ http://localhost:5174/node_modules/.vite/deps/react-dom_client.js?v=3e1001a8:2261
[   28713ms] [ERROR] %s a style property during rerender (%s) when a conflicting property is set (%s) can lead to styling bugs. To avoid this, don't mix shorthand and non-shorthand properties for the same value; instead, replace the shorthand with separate values. Updating outline outlineColor @ http://localhost:5174/node_modules/.vite/deps/react-dom_client.js?v=3e1001a8:2261
[   31317ms] [ERROR] Failed to load resource: the server responded with a status of 405 (Method Not Allowed) @ http://localhost:5174/api/rum/metrics:0
[   37283ms] [ERROR] %s a style property during rerender (%s) when a conflicting property is set (%s) can lead to styling bugs. To avoid this, don't mix shorthand and non-shorthand properties for the same value; instead, replace the shorthand with separate values. Updating outline outlineColor @ http://localhost:5174/node_modules/.vite/deps/react-dom_client.js?v=3e1001a8:2261
[   37289ms] [ERROR] Failed to load resource: the server responded with a status of 401 (Unauthorized) @ http://localhost:5174/api/auth/login:0
[   53925ms] [ERROR] %s a style property during rerender (%s) when a conflicting property is set (%s) can lead to styling bugs. To avoid this, don't mix shorthand and non-shorthand properties for the same value; instead, replace the shorthand with separate values. Updating outline outlineColor @ http://localhost:5174/node_modules/.vite/deps/react-dom_client.js?v=3e1001a8:2261
[   59733ms] [ERROR] %s a style property during rerender (%s) when a conflicting property is set (%s) can lead to styling bugs. To avoid this, don't mix shorthand and non-shorthand properties for the same value; instead, replace the shorthand with separate values. Updating outline outlineColor @ http://localhost:5174/node_modules/.vite/deps/react-dom_client.js?v=3e1001a8:2261
[   59734ms] [ERROR] %s a style property during rerender (%s) when a conflicting property is set (%s) can lead to styling bugs. To avoid this, don't mix shorthand and non-shorthand properties for the same value; instead, replace the shorthand with separate values. Updating outline outlineColor @ http://localhost:5174/node_modules/.vite/deps/react-dom_client.js?v=3e1001a8:2261
[   61319ms] [ERROR] Failed to load resource: the server responded with a status of 405 (Method Not Allowed) @ http://localhost:5174/api/rum/metrics:0
[   65546ms] [ERROR] %s a style property during rerender (%s) when a conflicting property is set (%s) can lead to styling bugs. To avoid this, don't mix shorthand and non-shorthand properties for the same value; instead, replace the shorthand with separate values. Updating outline outlineColor @ http://localhost:5174/node_modules/.vite/deps/react-dom_client.js?v=3e1001a8:2261
[   65596ms] [ERROR] Failed to load resource: the server responded with a status of 401 (Unauthorized) @ http://localhost:5174/api/auth/login:0
[   82172ms] [ERROR] %s a style property during rerender (%s) when a conflicting property is set (%s) can lead to styling bugs. To avoid this, don't mix shorthand and non-shorthand properties for the same value; instead, replace the shorthand with separate values. Updating outline outlineColor @ http://localhost:5174/node_modules/.vite/deps/react-dom_client.js?v=3e1001a8:2261
[   86069ms] [ERROR] %s a style property during rerender (%s) when a conflicting property is set (%s) can lead to styling bugs. To avoid this, don't mix shorthand and non-shorthand properties for the same value; instead, replace the shorthand with separate values. Updating outline outlineColor @ http://localhost:5174/node_modules/.vite/deps/react-dom_client.js?v=3e1001a8:2261
[   86070ms] [ERROR] %s a style property during rerender (%s) when a conflicting property is set (%s) can lead to styling bugs. To avoid this, don't mix shorthand and non-shorthand properties for the same value; instead, replace the shorthand with separate values. Updating outline outlineColor @ http://localhost:5174/node_modules/.vite/deps/react-dom_client.js?v=3e1001a8:2261
[   91314ms] [ERROR] Failed to load resource: the server responded with a status of 405 (Method Not Allowed) @ http://localhost:5174/api/rum/metrics:0
[   94772ms] [ERROR] %s a style property during rerender (%s) when a conflicting property is set (%s) can lead to styling bugs. To avoid this, don't mix shorthand and non-shorthand properties for the same value; instead, replace the shorthand with separate values. Updating outline outlineColor @ http://localhost:5174/node_modules/.vite/deps/react-dom_client.js?v=3e1001a8:2261
[   94779ms] [ERROR] Failed to load resource: the server responded with a status of 401 (Unauthorized) @ http://localhost:5174/api/auth/login:0
[  121313ms] [ERROR] Failed to load resource: the server responded with a status of 405 (Method Not Allowed) @ http://localhost:5174/api/rum/metrics:0
[  206952ms] [ERROR] %s a style property during rerender (%s) when a conflicting property is set (%s) can lead to styling bugs. To avoid this, don't mix shorthand and non-shorthand properties for the same value; instead, replace the shorthand with separate values. Updating outline outlineColor @ http://localhost:5174/node_modules/.vite/deps/react-dom_client.js?v=3e1001a8:2261
[  212761ms] [ERROR] %s a style property during rerender (%s) when a conflicting property is set (%s) can lead to styling bugs. To avoid this, don't mix shorthand and non-shorthand properties for the same value; instead, replace the shorthand with separate values. Updating outline outlineColor @ http://localhost:5174/node_modules/.vite/deps/react-dom_client.js?v=3e1001a8:2261
[  212761ms] [ERROR] %s a style property during rerender (%s) when a conflicting property is set (%s) can lead to styling bugs. To avoid this, don't mix shorthand and non-shorthand properties for the same value; instead, replace the shorthand with separate values. Updating outline outlineColor @ http://localhost:5174/node_modules/.vite/deps/react-dom_client.js?v=3e1001a8:2261
[  223639ms] [ERROR] %s a style property during rerender (%s) when a conflicting property is set (%s) can lead to styling bugs. To avoid this, don't mix shorthand and non-shorthand properties for the same value; instead, replace the shorthand with separate values. Updating outline outlineColor @ http://localhost:5174/node_modules/.vite/deps/react-dom_client.js?v=3e1001a8:2261
[  241316ms] [ERROR] Failed to load resource: the server responded with a status of 405 (Method Not Allowed) @ http://localhost:5174/api/rum/metrics:0
