[     347ms] [INFO] %cDownload the React DevTools for a better development experience: https://react.dev/link/react-devtools font-weight:bold @ http://localhost:5174/node_modules/.vite/deps/react-dom_client.js?v=3e1001a8:20102
[   25214ms] [ERROR] %s a style property during rerender (%s) when a conflicting property is set (%s) can lead to styling bugs. To avoid this, don't mix shorthand and non-shorthand properties for the same value; instead, replace the shorthand with separate values. Updating outline outlineColor @ http://localhost:5174/node_modules/.vite/deps/react-dom_client.js?v=3e1001a8:2261
[   30683ms] [ERROR] Failed to load resource: the server responded with a status of 405 (Method Not Allowed) @ http://localhost:5174/api/rum/metrics:0
[   31655ms] [ERROR] %s a style property during rerender (%s) when a conflicting property is set (%s) can lead to styling bugs. To avoid this, don't mix shorthand and non-shorthand properties for the same value; instead, replace the shorthand with separate values. Updating outline outlineColor @ http://localhost:5174/node_modules/.vite/deps/react-dom_client.js?v=3e1001a8:2261
[   31670ms] [WARNING] WebSocket connection to 'ws://localhost:5174/ws/chat' failed: WebSocket is closed before the connection is established. @ http://localhost:5174/src/features/chat/useWebSocket.ts:46
[   31986ms] [ERROR] WebSocket connection to 'ws://localhost:5174/ws/chat' failed: Error during WebSocket handshake: Unexpected response code: 403 @ http://localhost:5174/src/features/chat/useWebSocket.ts:12
[   32984ms] [ERROR] WebSocket connection to 'ws://localhost:5174/ws/chat' failed: Error during WebSocket handshake: Unexpected response code: 403 @ http://localhost:5174/src/features/chat/useWebSocket.ts:12
[   32984ms] [WARNING] [WS] WebSocket failed to connect after multiple attempts — possible firewall or proxy blocking the connection. @ http://localhost:5174/src/features/chat/useWebSocket.ts:24
[   33309ms] [ERROR] WebSocket connection to 'ws://localhost:5174/ws/chat' failed: Error during WebSocket handshake: Unexpected response code: 403 @ http://localhost:5174/src/features/chat/useWebSocket.ts:12
[   33309ms] [WARNING] [WS] WebSocket failed to connect after multiple attempts — possible firewall or proxy blocking the connection. @ http://localhost:5174/src/features/chat/useWebSocket.ts:24
[   35306ms] [ERROR] WebSocket connection to 'ws://localhost:5174/ws/chat' failed: Error during WebSocket handshake: Unexpected response code: 403 @ http://localhost:5174/src/features/chat/useWebSocket.ts:12
[   35306ms] [WARNING] [WS] WebSocket failed to connect after multiple attempts — possible firewall or proxy blocking the connection. @ http://localhost:5174/src/features/chat/useWebSocket.ts:24
[   37628ms] [ERROR] WebSocket connection to 'ws://localhost:5174/ws/chat' failed: Error during WebSocket handshake: Unexpected response code: 403 @ http://localhost:5174/src/features/chat/useWebSocket.ts:12
[   37628ms] [WARNING] [WS] WebSocket failed to connect after multiple attempts — possible firewall or proxy blocking the connection. @ http://localhost:5174/src/features/chat/useWebSocket.ts:24
[   43628ms] [ERROR] WebSocket connection to 'ws://localhost:5174/ws/chat' failed: Error during WebSocket handshake: Unexpected response code: 403 @ http://localhost:5174/src/features/chat/useWebSocket.ts:12
[   43628ms] [WARNING] [WS] WebSocket failed to connect after multiple attempts — possible firewall or proxy blocking the connection. @ http://localhost:5174/src/features/chat/useWebSocket.ts:24
[   53951ms] [ERROR] WebSocket connection to 'ws://localhost:5174/ws/chat' failed: Error during WebSocket handshake: Unexpected response code: 403 @ http://localhost:5174/src/features/chat/useWebSocket.ts:12
[   53951ms] [WARNING] [WS] WebSocket failed to connect after multiple attempts — possible firewall or proxy blocking the connection. @ http://localhost:5174/src/features/chat/useWebSocket.ts:24
[   73952ms] [ERROR] WebSocket connection to 'ws://localhost:5174/ws/chat' failed: Error during WebSocket handshake: Unexpected response code: 403 @ http://localhost:5174/src/features/chat/useWebSocket.ts:12
[   73952ms] [WARNING] [WS] WebSocket failed to connect after multiple attempts — possible firewall or proxy blocking the connection. @ http://localhost:5174/src/features/chat/useWebSocket.ts:24
[   84289ms] [ERROR] WebSocket connection to 'ws://localhost:5174/ws/chat' failed: Error during WebSocket handshake: Unexpected response code: 403 @ http://localhost:5174/src/features/chat/useWebSocket.ts:12
[   84289ms] [WARNING] [WS] WebSocket failed to connect after multiple attempts — possible firewall or proxy blocking the connection. @ http://localhost:5174/src/features/chat/useWebSocket.ts:24
[  104288ms] [ERROR] WebSocket connection to 'ws://localhost:5174/ws/chat' failed: Error during WebSocket handshake: Unexpected response code: 403 @ http://localhost:5174/src/features/chat/useWebSocket.ts:12
[  104288ms] [WARNING] [WS] WebSocket failed to connect after multiple attempts — possible firewall or proxy blocking the connection. @ http://localhost:5174/src/features/chat/useWebSocket.ts:24
[  114625ms] [ERROR] WebSocket connection to 'ws://localhost:5174/ws/chat' failed: Error during WebSocket handshake: Unexpected response code: 403 @ http://localhost:5174/src/features/chat/useWebSocket.ts:12
[  114625ms] [WARNING] [WS] WebSocket failed to connect after multiple attempts — possible firewall or proxy blocking the connection. @ http://localhost:5174/src/features/chat/useWebSocket.ts:24
[  134626ms] [ERROR] WebSocket connection to 'ws://localhost:5174/ws/chat' failed: Error during WebSocket handshake: Unexpected response code: 403 @ http://localhost:5174/src/features/chat/useWebSocket.ts:12
[  134626ms] [WARNING] [WS] WebSocket failed to connect after multiple attempts — possible firewall or proxy blocking the connection. @ http://localhost:5174/src/features/chat/useWebSocket.ts:24
[  144944ms] [ERROR] WebSocket connection to 'ws://localhost:5174/ws/chat' failed: Error during WebSocket handshake: Unexpected response code: 403 @ http://localhost:5174/src/features/chat/useWebSocket.ts:12
[  144944ms] [WARNING] [WS] WebSocket failed to connect after multiple attempts — possible firewall or proxy blocking the connection. @ http://localhost:5174/src/features/chat/useWebSocket.ts:24
[  164959ms] [ERROR] WebSocket connection to 'ws://localhost:5174/ws/chat' failed: Connection closed before receiving a handshake response @ http://localhost:5174/src/features/chat/useWebSocket.ts:12
[  164959ms] [WARNING] [WS] WebSocket failed to connect after multiple attempts — possible firewall or proxy blocking the connection. @ http://localhost:5174/src/features/chat/useWebSocket.ts:24
[  167511ms] [INFO] %cDownload the React DevTools for a better development experience: https://react.dev/link/react-devtools font-weight:bold @ http://localhost:5174/node_modules/.vite/deps/react-dom_client.js?v=3e1001a8:20102
[  167534ms] [WARNING] WebSocket connection to 'ws://localhost:5174/ws/chat' failed: WebSocket is closed before the connection is established. @ http://localhost:5174/src/features/chat/useWebSocket.ts:46
[  167537ms] [ERROR] Failed to load resource: the server responded with a status of 500 (Internal Server Error) @ http://localhost:5174/api/models:0
[  167540ms] [ERROR] Failed to load resource: the server responded with a status of 500 (Internal Server Error) @ http://localhost:5174/api/admin/skills:0
[  167541ms] [ERROR] Failed to load resource: the server responded with a status of 500 (Internal Server Error) @ http://localhost:5174/api/models:0
[  167543ms] [ERROR] Failed to load resource: the server responded with a status of 500 (Internal Server Error) @ http://localhost:5174/api/admin/skills:0
[  167882ms] [ERROR] WebSocket connection to 'ws://localhost:5174/ws/chat' failed: Connection closed before receiving a handshake response @ http://localhost:5174/src/features/chat/useWebSocket.ts:12
[  168856ms] [ERROR] WebSocket connection to 'ws://localhost:5174/ws/chat' failed: Connection closed before receiving a handshake response @ http://localhost:5174/src/features/chat/useWebSocket.ts:12
[  168856ms] [WARNING] [WS] WebSocket failed to connect after multiple attempts — possible firewall or proxy blocking the connection. @ http://localhost:5174/src/features/chat/useWebSocket.ts:24
[  169213ms] [ERROR] WebSocket connection to 'ws://localhost:5174/ws/chat' failed: Connection closed before receiving a handshake response @ http://localhost:5174/src/features/chat/useWebSocket.ts:12
[  169213ms] [WARNING] [WS] WebSocket failed to connect after multiple attempts — possible firewall or proxy blocking the connection. @ http://localhost:5174/src/features/chat/useWebSocket.ts:24
[  171195ms] [ERROR] WebSocket connection to 'ws://localhost:5174/ws/chat' failed: Connection closed before receiving a handshake response @ http://localhost:5174/src/features/chat/useWebSocket.ts:12
[  171195ms] [WARNING] [WS] WebSocket failed to connect after multiple attempts — possible firewall or proxy blocking the connection. @ http://localhost:5174/src/features/chat/useWebSocket.ts:24
[  173554ms] [ERROR] WebSocket connection to 'ws://localhost:5174/ws/chat' failed: Connection closed before receiving a handshake response @ http://localhost:5174/src/features/chat/useWebSocket.ts:12
[  173554ms] [WARNING] [WS] WebSocket failed to connect after multiple attempts — possible firewall or proxy blocking the connection. @ http://localhost:5174/src/features/chat/useWebSocket.ts:24
[  179538ms] [ERROR] WebSocket connection to 'ws://localhost:5174/ws/chat' failed: Connection closed before receiving a handshake response @ http://localhost:5174/src/features/chat/useWebSocket.ts:12
[  179538ms] [WARNING] [WS] WebSocket failed to connect after multiple attempts — possible firewall or proxy blocking the connection. @ http://localhost:5174/src/features/chat/useWebSocket.ts:24
[  189890ms] [ERROR] WebSocket connection to 'ws://localhost:5174/ws/chat' failed: Connection closed before receiving a handshake response @ http://localhost:5174/src/features/chat/useWebSocket.ts:12
[  189890ms] [WARNING] [WS] WebSocket failed to connect after multiple attempts — possible firewall or proxy blocking the connection. @ http://localhost:5174/src/features/chat/useWebSocket.ts:24
[  209865ms] [ERROR] WebSocket connection to 'ws://localhost:5174/ws/chat' failed: Connection closed before receiving a handshake response @ http://localhost:5174/src/features/chat/useWebSocket.ts:12
[  209865ms] [WARNING] [WS] WebSocket failed to connect after multiple attempts — possible firewall or proxy blocking the connection. @ http://localhost:5174/src/features/chat/useWebSocket.ts:24
[  243436ms] [ERROR] %s a style property during rerender (%s) when a conflicting property is set (%s) can lead to styling bugs. To avoid this, don't mix shorthand and non-shorthand properties for the same value; instead, replace the shorthand with separate values. Updating outline outlineColor @ http://localhost:5174/node_modules/.vite/deps/react-dom_client.js?v=3e1001a8:2261
[  248172ms] [ERROR] %s a style property during rerender (%s) when a conflicting property is set (%s) can lead to styling bugs. To avoid this, don't mix shorthand and non-shorthand properties for the same value; instead, replace the shorthand with separate values. Updating outline outlineColor @ http://localhost:5174/node_modules/.vite/deps/react-dom_client.js?v=3e1001a8:2261
[  257847ms] [ERROR] Failed to load resource: the server responded with a status of 405 (Method Not Allowed) @ http://localhost:5174/api/rum/metrics:0
[  285078ms] [ERROR] %s a style property during rerender (%s) when a conflicting property is set (%s) can lead to styling bugs. To avoid this, don't mix shorthand and non-shorthand properties for the same value; instead, replace the shorthand with separate values. Updating outline outlineColor @ http://localhost:5174/node_modules/.vite/deps/react-dom_client.js?v=3e1001a8:2261
[  287530ms] [ERROR] Failed to load resource: the server responded with a status of 405 (Method Not Allowed) @ http://localhost:5174/api/rum/metrics:0
[  317837ms] [ERROR] Failed to load resource: the server responded with a status of 405 (Method Not Allowed) @ http://localhost:5174/api/rum/metrics:0
